Using pip 25.3 from /home/codespace/.python/current/lib/python3.12/site-packages/pip (python 3.12)
Requirement already satisfied: pandas in /home/codespace/.local/lib/python3.12/site-packages (from -r /workspaces/analise-ch-boot/ApostadorCHBot/requirements.txt (line 1)) (2.3.1)
Requirement already satisfied: numpy in /home/codespace/.local/lib/python3.12/site-packages (from -r /workspaces/analise-ch-boot/ApostadorCHBot/requirements.txt (line 2)) (2.3.1)
Requirement already satisfied: matplotlib in /home/codespace/.local/lib/python3.12/site-packages (from -r /workspaces/analise-ch-boot/ApostadorCHBot/requirements.txt (line 3)) (3.10.3)
Requirement already satisfied: seaborn in /home/codespace/.local/lib/python3.12/site-packages (from -r /workspaces/analise-ch-boot/ApostadorCHBot/requirements.txt (line 4)) (0.13.2)
Requirement already satisfied: scikit-learn in /home/codespace/.local/lib/python3.12/site-packages (from -r /workspaces/analise-ch-boot/ApostadorCHBot/requirements.txt (line 5)) (1.7.0)
Requirement already satisfied: statsmodels in /home/codespace/.python/current/lib/python3.12/site-packages (from -r /workspaces/analise-ch-boot/ApostadorCHBot/requirements.txt (line 6)) (0.14.5)
Requirement already satisfied: python-dateutil>=2.8.2 in /home/codespace/.local/lib/python3.12/site-packages (from pandas->-r /workspaces/analise-ch-boot/ApostadorCHBot/requirements.txt (line 1)) (2.9.0.post0)
Requirement already satisfied: pytz>=2020.1 in /home/codespace/.local/lib/python3.12/site-packages (from pandas->-r /workspaces/analise-ch-boot/ApostadorCHBot/requirements.txt (line 1)) (2025.2)
Requirement already satisfied: tzdata>=2022.7 in /home/codespace/.local/lib/python3.12/site-packages (from pandas->-r /workspaces/analise-ch-boot/ApostadorCHBot/requirements.txt (line 1)) (2025.2)
Requirement already satisfied: contourpy>=1.0.1 in /home/codespace/.local/lib/python3.12/site-packages (from matplotlib->-r /workspaces/analise-ch-boot/ApostadorCHBot/requirements.txt (line 3)) (1.3.2)
Requirement already satisfied: cycler>=0.10 in /home/codespace/.local/lib/python3.12/site-packages (from matplotlib->-r /workspaces/analise-ch-boot/ApostadorCHBot/requirements.txt (line 3)) (0.12.1)
Requirement already satisfied: fonttools>=4.22.0 in /home/codespace/.local/lib/python3.12/site-packages (from matplotlib->-r /workspaces/analise-ch-boot/ApostadorCHBot/requirements.txt (line 3)) (4.58.5)
Requirement already satisfied: kiwisolver>=1.3.1 in /home/codespace/.local/lib/python3.12/site-packages (from matplotlib->-r /workspaces/analise-ch-boot/ApostadorCHBot/requirements.txt (line 3)) (1.4.8)
Requirement already satisfied: packaging>=20.0 in /home/codespace/.local/lib/python3.12/site-packages (from matplotlib->-r /workspaces/analise-ch-boot/ApostadorCHBot/requirements.txt (line 3)) (25.0)
Requirement already satisfied: pillow>=8 in /home/codespace/.local/lib/python3.12/site-packages (from matplotlib->-r /workspaces/analise-ch-boot/ApostadorCHBot/requirements.txt (line 3)) (11.3.0)
Requirement already satisfied: pyparsing>=2.3.1 in /home/codespace/.local/lib/python3.12/site-packages (from matplotlib->-r /workspaces/analise-ch-boot/ApostadorCHBot/requirements.txt (line 3)) (3.2.3)
Requirement already satisfied: scipy>=1.8.0 in /home/codespace/.local/lib/python3.12/site-packages (from scikit-learn->-r /workspaces/analise-ch-boot/ApostadorCHBot/requirements.txt (line 5)) (1.16.0)
Requirement already satisfied: joblib>=1.2.0 in /home/codespace/.local/lib/python3.12/site-packages (from scikit-learn->-r /workspaces/analise-ch-boot/ApostadorCHBot/requirements.txt (line 5)) (1.5.1)
Requirement already satisfied: threadpoolctl>=3.1.0 in /home/codespace/.local/lib/python3.12/site-packages (from scikit-learn->-r /workspaces/analise-ch-boot/ApostadorCHBot/requirements.txt (line 5)) (3.6.0)
Requirement already satisfied: patsy>=0.5.6 in /home/codespace/.python/current/lib/python3.12/site-packages (from statsmodels->-r /workspaces/analise-ch-boot/ApostadorCHBot/requirements.txt (line 6)) (1.0.2)
Requirement already satisfied: six>=1.5 in /home/codespace/.local/lib/python3.12/site-packages (from python-dateutil>=2.8.2->pandas->-r /workspaces/analise-ch-boot/ApostadorCHBot/requirements.txt (line 1)) (1.17.0)
